0 info it worked if it ends with ok
1 verbose cli [ 'node', '/usr/local/bin/npm', 'install', 'travis-encrypt', '-g' ]
2 info using npm@1.4.28
3 info using node@v0.10.35
4 verbose cache add [ 'travis-encrypt', null ]
5 verbose cache add name=undefined spec="travis-encrypt" args=["travis-encrypt",null]
6 verbose parsed url { protocol: null,
6 verbose parsed url   slashes: null,
6 verbose parsed url   auth: null,
6 verbose parsed url   host: null,
6 verbose parsed url   port: null,
6 verbose parsed url   hostname: null,
6 verbose parsed url   hash: null,
6 verbose parsed url   search: null,
6 verbose parsed url   query: null,
6 verbose parsed url   pathname: 'travis-encrypt',
6 verbose parsed url   path: 'travis-encrypt',
6 verbose parsed url   href: 'travis-encrypt' }
7 silly lockFile 963ab7fc-travis-encrypt travis-encrypt
8 verbose lock travis-encrypt /Users/rachelbrown/.npm/963ab7fc-travis-encrypt.lock
9 silly lockFile 963ab7fc-travis-encrypt travis-encrypt
10 silly lockFile 963ab7fc-travis-encrypt travis-encrypt
11 verbose addNamed [ 'travis-encrypt', '' ]
12 verbose addNamed [ null, '*' ]
13 silly lockFile 55054a8c-travis-encrypt travis-encrypt@
14 verbose lock travis-encrypt@ /Users/rachelbrown/.npm/55054a8c-travis-encrypt.lock
15 silly addNameRange { name: 'travis-encrypt', range: '*', hasData: false }
16 verbose request where is /travis-encrypt
17 verbose request registry https://registry.npmjs.org/
18 verbose request id 70cd54d9efafdda3
19 verbose url raw /travis-encrypt
20 verbose url resolving [ 'https://registry.npmjs.org/', './travis-encrypt' ]
21 verbose url resolved https://registry.npmjs.org/travis-encrypt
22 verbose request where is https://registry.npmjs.org/travis-encrypt
23 info trying registry request attempt 1 at 17:17:44
24 http GET https://registry.npmjs.org/travis-encrypt
25 http 200 https://registry.npmjs.org/travis-encrypt
26 silly registry.get cb [ 200,
26 silly registry.get   { date: 'Sun, 19 Apr 2015 21:17:45 GMT',
26 silly registry.get     server: 'CouchDB/1.5.0 (Erlang OTP/R16B03)',
26 silly registry.get     etag: '"D1P4X5ZFNX3FTMF1939W8FUMM"',
26 silly registry.get     'content-type': 'application/json',
26 silly registry.get     'cache-control': 'max-age=60',
26 silly registry.get     'content-length': '20401',
26 silly registry.get     'accept-ranges': 'bytes',
26 silly registry.get     via: '1.1 varnish',
26 silly registry.get     age: '0',
26 silly registry.get     'x-served-by': 'cache-jfk1022-JFK',
26 silly registry.get     'x-cache': 'MISS',
26 silly registry.get     'x-cache-hits': '0',
26 silly registry.get     'x-timer': 'S1429478264.717457,VS0,VE444',
26 silly registry.get     vary: 'Accept',
26 silly registry.get     'keep-alive': 'timeout=10, max=50',
26 silly registry.get     connection: 'Keep-Alive' } ]
27 silly addNameRange number 2 { name: 'travis-encrypt', range: '*', hasData: true }
28 silly addNameRange versions [ 'travis-encrypt',
28 silly addNameRange   [ '0.1.0',
28 silly addNameRange     '0.1.1',
28 silly addNameRange     '0.1.2',
28 silly addNameRange     '0.1.3',
28 silly addNameRange     '0.1.4',
28 silly addNameRange     '0.2.0',
28 silly addNameRange     '0.2.1',
28 silly addNameRange     '0.3.0',
28 silly addNameRange     '1.0.0',
28 silly addNameRange     '1.0.1',
28 silly addNameRange     '1.0.2',
28 silly addNameRange     '1.1.0',
28 silly addNameRange     '1.1.1' ] ]
29 verbose addNamed [ 'travis-encrypt', '1.1.1' ]
30 verbose addNamed [ '1.1.1', '1.1.1' ]
31 silly lockFile 54982e9b-travis-encrypt-1-1-1 travis-encrypt@1.1.1
32 verbose lock travis-encrypt@1.1.1 /Users/rachelbrown/.npm/54982e9b-travis-encrypt-1-1-1.lock
33 silly lockFile 907616c2-encrypt-travis-encrypt-1-1-1-tgz https://registry.npmjs.org/travis-encrypt/-/travis-encrypt-1.1.1.tgz
34 verbose lock https://registry.npmjs.org/travis-encrypt/-/travis-encrypt-1.1.1.tgz /Users/rachelbrown/.npm/907616c2-encrypt-travis-encrypt-1-1-1-tgz.lock
35 verbose addRemoteTarball [ 'https://registry.npmjs.org/travis-encrypt/-/travis-encrypt-1.1.1.tgz',
35 verbose addRemoteTarball   '6c801aabd3933c1922646083596e323df84a3456' ]
36 info retry fetch attempt 1 at 17:17:45
37 verbose fetch to= /var/folders/9k/p5x57dl93sl2q70tllshcsph0000gn/T/npm-1248-CW75qSnA/registry.npmjs.org/travis-encrypt/-/travis-encrypt-1.1.1.tgz
38 http GET https://registry.npmjs.org/travis-encrypt/-/travis-encrypt-1.1.1.tgz
39 http 200 https://registry.npmjs.org/travis-encrypt/-/travis-encrypt-1.1.1.tgz
40 silly lockFile 907616c2-encrypt-travis-encrypt-1-1-1-tgz https://registry.npmjs.org/travis-encrypt/-/travis-encrypt-1.1.1.tgz
41 silly lockFile 907616c2-encrypt-travis-encrypt-1-1-1-tgz https://registry.npmjs.org/travis-encrypt/-/travis-encrypt-1.1.1.tgz
42 silly lockFile 54982e9b-travis-encrypt-1-1-1 travis-encrypt@1.1.1
43 silly lockFile 54982e9b-travis-encrypt-1-1-1 travis-encrypt@1.1.1
44 silly lockFile 55054a8c-travis-encrypt travis-encrypt@
45 silly lockFile 55054a8c-travis-encrypt travis-encrypt@
46 silly resolved [ { name: 'travis-encrypt',
46 silly resolved     version: '1.1.1',
46 silly resolved     description: 'Encrypts data for use in your travis-ci yml configuration file',
46 silly resolved     repository:
46 silly resolved      { type: 'git',
46 silly resolved        url: 'git://github.com/pwmckenna/node-travis-encrypt.git' },
46 silly resolved     keywords:
46 silly resolved      [ 'travis-pro',
46 silly resolved        'travis',
46 silly resolved        'travis-ci',
46 silly resolved        'encryption',
46 silly resolved        '.travis.yml' ],
46 silly resolved     author: { name: 'Patrick Williams', email: 'pwmckenna@gmail.com' },
46 silly resolved     license: 'BSD',
46 silly resolved     main: 'lib/travis-encrypt',
46 silly resolved     bin: { 'travis-encrypt': './bin/travis-encrypt-cli.js' },
46 silly resolved     homepage: 'https://github.com/pwmckenna/node-travis-encrypt',
46 silly resolved     bugs: { url: 'https://github.com/pwmckenna/node-travis-encrypt/issues' },
46 silly resolved     dependencies:
46 silly resolved      { colors: '~0.6.0-1',
46 silly resolved        'deep-property': '^1.1.0',
46 silly resolved        'read-yaml': '^1.0.0',
46 silly resolved        'travis-ci': '^2.0.3',
46 silly resolved        ursa: '~0.8.0',
46 silly resolved        'write-yaml': '^0.1.2',
46 silly resolved        yargs: '^1.3.3' },
46 silly resolved     devDependencies:
46 silly resolved      { grunt: '^0.4.5',
46 silly resolved        'grunt-contrib-jshint': '0.1.1rc6',
46 silly resolved        'grunt-release': '^0.7.0',
46 silly resolved        matchdep: '~0.1.1' },
46 silly resolved     engines: { node: '>=0.8.0' },
46 silly resolved     gitHead: 'abb46a97d459e9b376757074b2e8d9b8272548aa',
46 silly resolved     _id: 'travis-encrypt@1.1.1',
46 silly resolved     scripts: {},
46 silly resolved     _shasum: '6c801aabd3933c1922646083596e323df84a3456',
46 silly resolved     _from: 'travis-encrypt@',
46 silly resolved     _npmVersion: '1.4.28',
46 silly resolved     _npmUser: { name: 'pwmckenna', email: 'pwmckenna@gmail.com' },
46 silly resolved     maintainers: [ [Object] ],
46 silly resolved     dist:
46 silly resolved      { shasum: '6c801aabd3933c1922646083596e323df84a3456',
46 silly resolved        tarball: 'http://registry.npmjs.org/travis-encrypt/-/travis-encrypt-1.1.1.tgz' },
46 silly resolved     directories: {},
46 silly resolved     _resolved: 'https://registry.npmjs.org/travis-encrypt/-/travis-encrypt-1.1.1.tgz' } ]
47 info install travis-encrypt@1.1.1 into /usr/local/lib
48 info installOne travis-encrypt@1.1.1
49 verbose lib/node_modules/travis-encrypt unbuild
50 verbose tar unpack /Users/rachelbrown/.npm/travis-encrypt/1.1.1/package.tgz
51 silly lockFile 4175d9ef--lib-node-modules-travis-encrypt tar:///usr/local/lib/node_modules/travis-encrypt
52 verbose lock tar:///usr/local/lib/node_modules/travis-encrypt /Users/rachelbrown/.npm/4175d9ef--lib-node-modules-travis-encrypt.lock
53 silly lockFile 59e2aa5f-travis-encrypt-1-1-1-package-tgz tar:///Users/rachelbrown/.npm/travis-encrypt/1.1.1/package.tgz
54 verbose lock tar:///Users/rachelbrown/.npm/travis-encrypt/1.1.1/package.tgz /Users/rachelbrown/.npm/59e2aa5f-travis-encrypt-1-1-1-package-tgz.lock
55 silly gunzTarPerm modes [ '755', '644' ]
56 error Error: EACCES, mkdir '/usr/local/lib/node_modules/travis-encrypt'
56 error  { [Error: EACCES, mkdir '/usr/local/lib/node_modules/travis-encrypt']
56 error   errno: 3,
56 error   code: 'EACCES',
56 error   path: '/usr/local/lib/node_modules/travis-encrypt',
56 error   fstream_type: 'Directory',
56 error   fstream_path: '/usr/local/lib/node_modules/travis-encrypt',
56 error   fstream_class: 'DirWriter',
56 error   fstream_stack:
56 error    [ '/usr/local/lib/node_modules/npm/node_modules/fstream/lib/dir-writer.js:36:23',
56 error      '/usr/local/lib/node_modules/npm/node_modules/mkdirp/index.js:46:53',
56 error      'Object.oncomplete (fs.js:108:15)' ] }
57 error Please try running this command again as root/Administrator.
58 error System Darwin 14.0.0
59 error command "node" "/usr/local/bin/npm" "install" "travis-encrypt" "-g"
60 error cwd /Users/rachelbrown/Dropbox/Schoolwork/CIS/CIS399/Surf-N-Perf
61 error node -v v0.10.35
62 error npm -v 1.4.28
63 error path /usr/local/lib/node_modules/travis-encrypt
64 error fstream_path /usr/local/lib/node_modules/travis-encrypt
65 error fstream_type Directory
66 error fstream_class DirWriter
67 error code EACCES
68 error errno 3
69 error stack Error: EACCES, mkdir '/usr/local/lib/node_modules/travis-encrypt'
70 error fstream_stack /usr/local/lib/node_modules/npm/node_modules/fstream/lib/dir-writer.js:36:23
70 error fstream_stack /usr/local/lib/node_modules/npm/node_modules/mkdirp/index.js:46:53
70 error fstream_stack Object.oncomplete (fs.js:108:15)
71 verbose exit [ 3, true ]
